6428	布达拉宫
318	仓央嘉措
299	我是雪域最大的王
290	我是世间最美的情郎
225	扎西德勒
143	高原反应
139	转山转水转佛塔
129	蓝天白云
123	最近的地方
120	文成公主
99	藏传佛教
98	只为途中与你相见
84	世界上海拔最高
82	信仰的力量
79	不负如来不负卿
78	神圣的地方
74	玛吉阿米
73	不为修来世
66	世间安得双全法
65	日光之城
60	新年快乐
59	离天堂最近的地方
58	这个世界
58	西藏之旅
58	我在这里
55	雪域高原
52	虔诚的信徒
52	一切都是
52	2017年
52	.....
50	西藏之行
50	藏历新年
49	雄伟壮观
48	只为触摸你的指尖
47	净化心灵
46	仓央嘉措的
46	2017.
45	这佛光闪闪的高原
45	向往的地方
45	世界屋脊
44	天上西藏
43	生日快乐
43	朝拜的人
41	三步两步便是天堂
40	是世界上海拔最高
40	不为修来生
39	虔诚的心
39	你是我今生唯一的执著哦
38	闭目在经殿
38	说走就走的
37	金碧辉煌
37	磕长头匍匐在山路
37	传说中的
36	西藏自治区
36	蓝的天空
36	文成公主而
35	牦牛酸奶
35	我摇动所有的经筒
35	堡和寺院于一体的宏伟建
35	城堡和寺院于一体的宏伟
35	因心事过重
35	和寺院于一体的宏伟建筑
35	只为贴着你的温暖
35	入山又怕误倾城
35	什么时候
34	这个地方
34	自恐多情损梵行
34	经在内地榜上为你加油啦
34	已经在内地榜上为你加油
33	藏族人民
33	离天最近的
33	宗角禄康公园
33	2016.
32	珠峰大本营
32	信仰的人
31	虔诚的朝
31	天空最近的
31	夜幕下的
31	却仍有那么多人
30	需要隐藏多少秘密
30	藏传佛教的
30	最接近天堂的地方
30	才能巧妙地
30	如此便可不相
30	天最近的地方
30	世界上海拔最高的
30	不同角度
